ERROR 2023-01-25T14:19:09.842Z undefined/C:\Users\Matias N\workspace\proyectoFinal\proyectoFinal\api\src\index.js | The `uri` parameter to `openUri()` must be a string, got "undefined". Make sure the first parameter to `mongoose.connect()` or `mongoose.createConnection()` is a string.
ERROR 2023-01-25T14:22:20.651Z undefined/C:\Users\Matias N\workspace\proyectoFinal\proyectoFinal\api\src\index.js | The `uri` parameter to `openUri()` must be a string, got "undefined". Make sure the first parameter to `mongoose.connect()` or `mongoose.createConnection()` is a string.
ERROR 2023-01-25T14:22:45.772Z undefined/C:\Users\Matias N\workspace\proyectoFinal\proyectoFinal\api\src\index.js | The `uri` parameter to `openUri()` must be a string, got "undefined". Make sure the first parameter to `mongoose.connect()` or `mongoose.createConnection()` is a string.
ERROR 2023-01-25T14:24:04.698Z undefined/C:\Users\Matias N\workspace\proyectoFinal\proyectoFinal\api\src\index.js | The `uri` parameter to `openUri()` must be a string, got "undefined". Make sure the first parameter to `mongoose.connect()` or `mongoose.createConnection()` is a string.
ERROR 2023-01-25T14:32:10.608Z undefined/C:\Users\Matias N\workspace\proyectoFinal\proyectoFinal\api\src\index.js | The `uri` parameter to `openUri()` must be a string, got "undefined". Make sure the first parameter to `mongoose.connect()` or `mongoose.createConnection()` is a string.
INFO 2023-01-25T14:34:11.358Z undefined/C:\Users\Matias N\workspace\proyectoFinal\proyectoFinal\api\src\index.js | db connected
INFO 2023-01-25T14:34:11.475Z undefined/C:\Users\Matias N\workspace\proyectoFinal\proyectoFinal\api\src\index.js | api v1.0.0 started and listening in port 8080
INFO 2023-01-25T14:59:01.723Z undefined/C:\Users\Matias N\workspace\proyectoFinal\proyectoFinal\api\src\index.js | db connected
INFO 2023-01-25T14:59:01.835Z undefined/C:\Users\Matias N\workspace\proyectoFinal\proyectoFinal\api\src\index.js | api v1.0.0 started and listening in port 8080
INFO 2023-01-25T17:21:48.243Z undefined/C:\Users\Matias N\workspace\proyectoFinal\proyectoFinal\api\src\index.js | db connected
INFO 2023-01-25T17:21:48.387Z undefined/C:\Users\Matias N\workspace\proyectoFinal\proyectoFinal\api\src\index.js | api v1.0.0 started and listening in port 8080
ERROR 2023-01-25T18:38:11.185Z undefined/C:\Users\Matias N\workspace\proyectoFinal\proyectoFinal\api\src\routes\users\registerUserHandler.js | validateDate is not a function
ERROR 2023-01-25T18:40:26.506Z undefined/C:\Users\Matias N\workspace\proyectoFinal\proyectoFinal\api\src\routes\users\registerUserHandler.js | validateDate is not a function
INFO 2023-01-25T18:45:32.633Z undefined/C:\Users\Matias N\workspace\proyectoFinal\proyectoFinal\api\src\index.js | 
api stopped
INFO 2023-01-25T18:45:32.644Z undefined/C:\Users\Matias N\workspace\proyectoFinal\proyectoFinal\api\src\index.js | db disconnected
INFO 2023-01-25T18:45:34.663Z undefined/C:\Users\Matias N\workspace\proyectoFinal\proyectoFinal\api\src\index.js | db connected
INFO 2023-01-25T18:45:34.794Z undefined/C:\Users\Matias N\workspace\proyectoFinal\proyectoFinal\api\src\index.js | api v1.0.0 started and listening in port 8080
ERROR 2023-01-25T18:45:57.575Z undefined/C:\Users\Matias N\workspace\proyectoFinal\proyectoFinal\api\src\routes\users\registerUserHandler.js | phonenumber is not a string
ERROR 2023-01-25T18:59:03.030Z undefined/C:\Users\Matias N\workspace\proyectoFinal\proyectoFinal\api\src\routes\users\authenticateUserHandler.js | password is not a string
INFO 2023-01-25T18:59:22.172Z undefined/C:\Users\Matias N\workspace\proyectoFinal\proyectoFinal\api\src\index.js | db connected
INFO 2023-01-25T18:59:22.261Z undefined/C:\Users\Matias N\workspace\proyectoFinal\proyectoFinal\api\src\index.js | api v1.0.0 started and listening in port 8080
INFO 2023-01-25T19:05:07.078Z undefined/C:\Users\Matias N\workspace\proyectoFinal\proyectoFinal\api\src\index.js | db connected
INFO 2023-01-25T19:05:07.168Z undefined/C:\Users\Matias N\workspace\proyectoFinal\proyectoFinal\api\src\index.js | api v1.0.0 started and listening in port 8080
ERROR 2023-01-25T19:05:09.521Z undefined/C:\Users\Matias N\workspace\proyectoFinal\proyectoFinal\api\src\routes\users\authenticateUserHandler.js | secretOrPrivateKey must have a value
INFO 2023-01-25T19:06:31.519Z undefined/C:\Users\Matias N\workspace\proyectoFinal\proyectoFinal\api\src\index.js | 
api stopped
INFO 2023-01-25T19:06:31.522Z undefined/C:\Users\Matias N\workspace\proyectoFinal\proyectoFinal\api\src\index.js | db disconnected
INFO 2023-01-25T19:09:34.676Z undefined/C:\Users\Matias N\workspace\proyectoFinal\proyectoFinal\api\src\index.js | db connected
INFO 2023-01-25T19:09:34.794Z undefined/C:\Users\Matias N\workspace\proyectoFinal\proyectoFinal\api\src\index.js | api v1.0.0 started and listening in port 8080
ERROR 2023-01-25T19:11:45.904Z undefined/C:\Users\Matias N\workspace\proyectoFinal\proyectoFinal\api\src\routes\users\authenticateUserHandler.js | secretOrPrivateKey must have a value
INFO 2023-01-25T19:11:50.718Z undefined/C:\Users\Matias N\workspace\proyectoFinal\proyectoFinal\api\src\index.js | 
api stopped
INFO 2023-01-25T19:11:50.722Z undefined/C:\Users\Matias N\workspace\proyectoFinal\proyectoFinal\api\src\index.js | db disconnected
INFO 2023-01-25T19:12:25.402Z undefined/C:\Users\Matias N\workspace\proyectoFinal\proyectoFinal\api\src\index.js | db connected
ERROR 2023-01-25T19:12:25.487Z undefined/C:\Users\Matias N\workspace\proyectoFinal\proyectoFinal\api\src\index.js | Cannot read properties of undefined (reading 'JWT_SECRET')
INFO 2023-01-25T19:13:14.990Z undefined/C:\Users\Matias N\workspace\proyectoFinal\proyectoFinal\api\src\index.js | db connected
ERROR 2023-01-25T19:13:15.067Z undefined/C:\Users\Matias N\workspace\proyectoFinal\proyectoFinal\api\src\index.js | Cannot read properties of undefined (reading 'JWT_SECRET')
INFO 2023-01-25T19:14:46.272Z undefined/C:\Users\Matias N\workspace\proyectoFinal\proyectoFinal\api\src\index.js | db connected
INFO 2023-01-25T19:14:46.360Z undefined/C:\Users\Matias N\workspace\proyectoFinal\proyectoFinal\api\src\index.js | api v1.0.0 started and listening in port 8080
ERROR 2023-01-25T19:15:02.388Z undefined/C:\Users\Matias N\workspace\proyectoFinal\proyectoFinal\api\src\routes\users\authenticateUserHandler.js | secretOrPrivateKey must have a value
ERROR 2023-01-25T19:16:53.752Z undefined/C:\Users\Matias N\workspace\proyectoFinal\proyectoFinal\api\src\routes\users\authenticateUserHandler.js | secretOrPrivateKey must have a value
INFO 2023-01-25T19:17:59.763Z undefined/C:\Users\Matias N\workspace\proyectoFinal\proyectoFinal\api\src\index.js | 
api stopped
INFO 2023-01-25T19:17:59.783Z undefined/C:\Users\Matias N\workspace\proyectoFinal\proyectoFinal\api\src\index.js | db disconnected
INFO 2023-01-25T19:18:26.763Z undefined/C:\Users\Matias N\workspace\proyectoFinal\proyectoFinal\api\src\index.js | db connected
INFO 2023-01-25T19:18:26.884Z undefined/C:\Users\Matias N\workspace\proyectoFinal\proyectoFinal\api\src\index.js | api v1.0.0 started and listening in port 8080
ERROR 2023-01-25T19:21:03.211Z undefined/C:\Users\Matias N\workspace\proyectoFinal\proyectoFinal\api\src\routes\users\retrieveUserHandler.js | secret or public key must be provided
ERROR 2023-01-25T19:21:24.120Z undefined/C:\Users\Matias N\workspace\proyectoFinal\proyectoFinal\api\src\routes\users\retrieveUserHandler.js | secret or public key must be provided
INFO 2023-01-25T19:23:56.485Z undefined/C:\Users\Matias N\workspace\proyectoFinal\proyectoFinal\api\src\index.js | 
api stopped
INFO 2023-01-25T19:23:56.490Z undefined/C:\Users\Matias N\workspace\proyectoFinal\proyectoFinal\api\src\index.js | db disconnected
INFO 2023-01-25T19:24:10.491Z undefined/C:\Users\Matias N\workspace\proyectoFinal\proyectoFinal\api\src\index.js | db connected
INFO 2023-01-25T19:24:10.611Z undefined/C:\Users\Matias N\workspace\proyectoFinal\proyectoFinal\api\src\index.js | api v1.0.0 started and listening in port 8080
ERROR 2023-01-25T19:24:37.254Z undefined/C:\Users\Matias N\workspace\proyectoFinal\proyectoFinal\api\src\routes\users\retrieveUserHandler.js | secret or public key must be provided
INFO 2023-01-25T19:25:10.756Z undefined/C:\Users\Matias N\workspace\proyectoFinal\proyectoFinal\api\src\index.js | 
api stopped
INFO 2023-01-25T19:25:10.762Z undefined/C:\Users\Matias N\workspace\proyectoFinal\proyectoFinal\api\src\index.js | db disconnected
INFO 2023-01-25T19:25:21.470Z undefined/C:\Users\Matias N\workspace\proyectoFinal\proyectoFinal\api\src\index.js | db connected
INFO 2023-01-25T19:25:21.604Z undefined/C:\Users\Matias N\workspace\proyectoFinal\proyectoFinal\api\src\index.js | api v1.0.0 started and listening in port 8080
INFO 2023-01-25T19:27:17.712Z undefined/C:\Users\Matias N\workspace\proyectoFinal\proyectoFinal\api\src\index.js | db connected
ERROR 2023-01-25T19:27:27.661Z undefined/C:\Users\Matias N\workspace\proyectoFinal\proyectoFinal\api\src\routes\users\retrieveUserHandler.js | secret or public key must be provided
INFO 2023-01-25T19:27:27.664Z undefined/C:\Users\Matias N\workspace\proyectoFinal\proyectoFinal\api\src\index.js | 
api stopped
ERROR 2023-01-25T19:27:27.672Z undefined/C:\Users\Matias N\workspace\proyectoFinal\proyectoFinal\api\src\routes\users\retrieveUserHandler.js | secret or public key must be provided
INFO 2023-01-25T19:27:27.688Z undefined/C:\Users\Matias N\workspace\proyectoFinal\proyectoFinal\api\src\index.js | db disconnected
INFO 2023-01-25T19:28:37.915Z undefined/C:\Users\Matias N\workspace\proyectoFinal\proyectoFinal\api\src\index.js | db connected
INFO 2023-01-25T19:28:38.019Z undefined/C:\Users\Matias N\workspace\proyectoFinal\proyectoFinal\api\src\index.js | api v1.0.0 started and listening in port 8080
ERROR 2023-01-25T19:28:39.086Z undefined/C:\Users\Matias N\workspace\proyectoFinal\proyectoFinal\api\src\routes\users\retrieveUserHandler.js | jwt expired
INFO 2023-01-25T19:47:33.080Z undefined/C:\Users\Matias N\workspace\proyectoFinal\proyectoFinal\api\src\index.js | 
api stopped
INFO 2023-01-25T19:47:33.095Z undefined/C:\Users\Matias N\workspace\proyectoFinal\proyectoFinal\api\src\index.js | db disconnected
INFO 2023-01-25T19:47:34.965Z undefined/C:\Users\Matias N\workspace\proyectoFinal\proyectoFinal\api\src\index.js | db connected
INFO 2023-01-25T19:47:35.068Z undefined/C:\Users\Matias N\workspace\proyectoFinal\proyectoFinal\api\src\index.js | api v1.0.0 started and listening in port 8080
INFO 2023-01-25T19:58:13.558Z undefined/C:\Users\Matias N\workspace\proyectoFinal\proyectoFinal\api\src\index.js | 
api stopped
INFO 2023-01-25T19:58:13.562Z undefined/C:\Users\Matias N\workspace\proyectoFinal\proyectoFinal\api\src\index.js | db disconnected
INFO 2023-01-25T19:58:28.080Z undefined/C:\Users\Matias N\workspace\proyectoFinal\proyectoFinal\api\src\index.js | db connected
INFO 2023-01-25T19:58:28.198Z undefined/C:\Users\Matias N\workspace\proyectoFinal\proyectoFinal\api\src\index.js | api v1.0.0 started and listening in port 8080
INFO 2023-01-25T20:02:56.722Z undefined/C:\Users\Matias N\workspace\proyectoFinal\proyectoFinal\api\src\index.js | 
api stopped
INFO 2023-01-25T20:02:56.730Z undefined/C:\Users\Matias N\workspace\proyectoFinal\proyectoFinal\api\src\index.js | db disconnected
INFO 2023-01-25T20:03:06.669Z undefined/C:\Users\Matias N\workspace\proyectoFinal\proyectoFinal\api\src\index.js | db connected
INFO 2023-01-25T20:03:43.189Z undefined/C:\Users\Matias N\workspace\proyectoFinal\proyectoFinal\api\src\index.js | db connected
INFO 2023-01-25T20:03:43.304Z undefined/C:\Users\Matias N\workspace\proyectoFinal\proyectoFinal\api\src\index.js | api v1.0.0 started and listening in port 8080
INFO 2023-01-25T20:05:43.668Z undefined/C:\Users\Matias N\workspace\proyectoFinal\proyectoFinal\api\src\index.js | 
api stopped
INFO 2023-01-25T20:05:43.676Z undefined/C:\Users\Matias N\workspace\proyectoFinal\proyectoFinal\api\src\index.js | db disconnected
INFO 2023-01-25T20:05:50.885Z undefined/C:\Users\Matias N\workspace\proyectoFinal\proyectoFinal\api\src\index.js | db connected
INFO 2023-01-25T20:06:51.959Z undefined/C:\Users\Matias N\workspace\proyectoFinal\proyectoFinal\api\src\index.js | db connected
INFO 2023-01-25T20:06:52.047Z undefined/C:\Users\Matias N\workspace\proyectoFinal\proyectoFinal\api\src\index.js | api v1.0.0 started and listening in port 8080
INFO 2023-01-25T20:15:07.984Z undefined/C:\Users\Matias N\workspace\proyectoFinal\proyectoFinal\api\src\index.js | 
api stopped
INFO 2023-01-25T20:15:07.989Z undefined/C:\Users\Matias N\workspace\proyectoFinal\proyectoFinal\api\src\index.js | db disconnected
INFO 2023-01-25T20:15:14.652Z undefined/C:\Users\Matias N\workspace\proyectoFinal\proyectoFinal\api\src\index.js | db connected
INFO 2023-01-25T20:15:14.741Z undefined/C:\Users\Matias N\workspace\proyectoFinal\proyectoFinal\api\src\index.js | api v1.0.0 started and listening in port 8080
ERROR 2023-01-26T10:37:08.251Z undefined/C:\Users\Matias N\workspace\proyectoFinal\proyectoFinal\api\src\index.js | connect ECONNREFUSED 127.0.0.1:27017
ERROR 2023-01-26T10:37:26.763Z undefined/C:\Users\Matias N\workspace\proyectoFinal\proyectoFinal\api\src\index.js | The `uri` parameter to `openUri()` must be a string, got "undefined". Make sure the first parameter to `mongoose.connect()` or `mongoose.createConnection()` is a string.
ERROR 2023-01-26T10:38:15.717Z undefined/C:\Users\Matias N\workspace\proyectoFinal\proyectoFinal\api\src\index.js | connect ECONNREFUSED 127.0.0.1:27017
ERROR 2023-01-26T10:42:22.530Z undefined/C:\Users\Matias N\workspace\proyectoFinal\proyectoFinal\api\src\index.js | connect ECONNREFUSED ::1:27017
INFO 2023-01-26T10:48:19.053Z undefined/C:\Users\Matias N\workspace\proyectoFinal\proyectoFinal\api\src\index.js | db connected
INFO 2023-01-26T10:48:19.186Z undefined/C:\Users\Matias N\workspace\proyectoFinal\proyectoFinal\api\src\index.js | api v1.0.0 started and listening in port 8080
INFO 2023-01-26T13:14:14.135Z undefined/C:\Users\Matias N\workspace\proyectoFinal\proyectoFinal\api\src\index.js | 
api stopped
INFO 2023-01-26T13:14:14.148Z undefined/C:\Users\Matias N\workspace\proyectoFinal\proyectoFinal\api\src\index.js | db disconnected
INFO 2023-01-26T13:33:25.212Z undefined/C:\Users\Matias N\workspace\proyectoFinal\proyectoFinal\api\src\index.js | db connected
INFO 2023-01-26T13:33:25.390Z undefined/C:\Users\Matias N\workspace\proyectoFinal\proyectoFinal\api\src\index.js | api v1.0.0 started and listening in port 8080
INFO 2023-01-26T13:45:26.940Z undefined/C:\Users\Matias N\workspace\proyectoFinal\proyectoFinal\api\src\index.js | 
api stopped
INFO 2023-01-26T13:45:26.953Z undefined/C:\Users\Matias N\workspace\proyectoFinal\proyectoFinal\api\src\index.js | db disconnected
INFO 2023-01-26T13:45:28.867Z undefined/C:\Users\Matias N\workspace\proyectoFinal\proyectoFinal\api\src\index.js | db connected
INFO 2023-01-26T13:45:28.973Z undefined/C:\Users\Matias N\workspace\proyectoFinal\proyectoFinal\api\src\index.js | api v1.0.0 started and listening in port 8080
INFO 2023-01-26T14:04:50.046Z undefined/C:\Users\Matias N\workspace\proyectoFinal\proyectoFinal\api\src\index.js | 
api stopped
INFO 2023-01-26T14:04:50.052Z undefined/C:\Users\Matias N\workspace\proyectoFinal\proyectoFinal\api\src\index.js | db disconnected
INFO 2023-01-26T14:13:50.948Z undefined/C:\Users\Matias N\workspace\proyectoFinal\proyectoFinal\api\src\index.js | db connected
INFO 2023-01-26T14:13:51.054Z undefined/C:\Users\Matias N\workspace\proyectoFinal\proyectoFinal\api\src\index.js | api v1.0.0 started and listening in port 8080
ERROR 2023-01-26T15:51:27.910Z undefined/C:\Users\Matias N\workspace\proyectoFinal\proyectoFinal\api\src\routes\auction\createAuctionHandler.js | jwt expired
ERROR 2023-01-26T15:52:16.998Z undefined/C:\Users\Matias N\workspace\proyectoFinal\proyectoFinal\api\src\routes\auction\createAuctionHandler.js | jwt expired
INFO 2023-01-26T16:02:26.328Z undefined/C:\Users\Matias N\workspace\proyectoFinal\proyectoFinal\api\src\index.js | 
api stopped
INFO 2023-01-26T16:02:26.337Z undefined/C:\Users\Matias N\workspace\proyectoFinal\proyectoFinal\api\src\index.js | db disconnected
INFO 2023-01-26T16:05:56.031Z undefined/C:\Users\Matias N\workspace\proyectoFinal\proyectoFinal\api\src\index.js | db connected
INFO 2023-01-26T16:05:56.202Z undefined/C:\Users\Matias N\workspace\proyectoFinal\proyectoFinal\api\src\index.js | api v1.0.0 started and listening in port 8080
ERROR 2023-01-26T16:06:24.050Z undefined/C:\Users\Matias N\workspace\proyectoFinal\proyectoFinal\api\src\routes\users\updateUserPasswordHandler.js | jwt expired
INFO 2023-01-26T16:06:47.019Z undefined/C:\Users\Matias N\workspace\proyectoFinal\proyectoFinal\api\src\index.js | db connected
INFO 2023-01-26T16:06:51.512Z undefined/C:\Users\Matias N\workspace\proyectoFinal\proyectoFinal\api\src\index.js | 
api stopped
INFO 2023-01-26T16:06:51.527Z undefined/C:\Users\Matias N\workspace\proyectoFinal\proyectoFinal\api\src\index.js | db disconnected
INFO 2023-01-26T16:06:55.897Z undefined/C:\Users\Matias N\workspace\proyectoFinal\proyectoFinal\api\src\index.js | db connected
INFO 2023-01-26T16:06:56.074Z undefined/C:\Users\Matias N\workspace\proyectoFinal\proyectoFinal\api\src\index.js | api v1.0.0 started and listening in port 8080
ERROR 2023-01-26T16:07:24.337Z undefined/C:\Users\Matias N\workspace\proyectoFinal\proyectoFinal\api\src\routes\users\updateUserPasswordHandler.js | jwt expired
INFO 2023-01-26T16:08:14.443Z undefined/C:\Users\Matias N\workspace\proyectoFinal\proyectoFinal\api\src\index.js | 
api stopped
INFO 2023-01-26T16:08:14.452Z undefined/C:\Users\Matias N\workspace\proyectoFinal\proyectoFinal\api\src\index.js | db disconnected
ERROR 2023-01-26T16:10:18.580Z undefined/C:\Users\Matias N\workspace\proyectoFinal\proyectoFinal\api\src\index.js | The `uri` parameter to `openUri()` must be a string, got "undefined". Make sure the first parameter to `mongoose.connect()` or `mongoose.createConnection()` is a string.
ERROR 2023-01-26T16:10:55.021Z undefined/C:\Users\Matias N\workspace\proyectoFinal\proyectoFinal\api\src\index.js | The `uri` parameter to `openUri()` must be a string, got "undefined". Make sure the first parameter to `mongoose.connect()` or `mongoose.createConnection()` is a string.
ERROR 2023-01-26T16:13:22.185Z undefined/C:\Users\Matias N\workspace\proyectoFinal\proyectoFinal\api\src\index.js | The `uri` parameter to `openUri()` must be a string, got "undefined". Make sure the first parameter to `mongoose.connect()` or `mongoose.createConnection()` is a string.
ERROR 2023-01-26T16:15:49.688Z undefined/C:\Users\Matias N\workspace\proyectoFinal\proyectoFinal\api\src\index.js | The `uri` parameter to `openUri()` must be a string, got "undefined". Make sure the first parameter to `mongoose.connect()` or `mongoose.createConnection()` is a string.
ERROR 2023-01-26T16:16:28.982Z undefined/C:\Users\Matias N\workspace\proyectoFinal\proyectoFinal\api\src\index.js | The `uri` parameter to `openUri()` must be a string, got "undefined". Make sure the first parameter to `mongoose.connect()` or `mongoose.createConnection()` is a string.
INFO 2023-01-26T16:17:30.091Z undefined/C:\Users\Matias N\workspace\proyectoFinal\proyectoFinal\api\src\index.js | db connected
INFO 2023-01-26T16:17:30.220Z undefined/C:\Users\Matias N\workspace\proyectoFinal\proyectoFinal\api\src\index.js | api v1.0.0 started and listening in port 8080
ERROR 2023-01-26T16:19:10.270Z undefined/C:\Users\Matias N\workspace\proyectoFinal\proyectoFinal\api\src\routes\users\authenticateUserHandler.js | wrong password
ERROR 2023-01-26T16:20:14.562Z undefined/C:\Users\Matias N\workspace\proyectoFinal\proyectoFinal\api\src\routes\users\updateUserPasswordHandler.js | jwt expired
ERROR 2023-01-26T16:20:19.687Z undefined/C:\Users\Matias N\workspace\proyectoFinal\proyectoFinal\api\src\routes\users\updateUserPasswordHandler.js | jwt expired
INFO 2023-01-26T16:41:12.427Z undefined/C:\Users\Matias N\workspace\proyectoFinal\proyectoFinal\api\src\index.js | 
api stopped
INFO 2023-01-26T16:41:12.443Z undefined/C:\Users\Matias N\workspace\proyectoFinal\proyectoFinal\api\src\index.js | db disconnected
INFO 2023-01-26T16:41:14.342Z undefined/C:\Users\Matias N\workspace\proyectoFinal\proyectoFinal\api\src\index.js | db connected
INFO 2023-01-26T16:41:14.439Z undefined/C:\Users\Matias N\workspace\proyectoFinal\proyectoFinal\api\src\index.js | api v1.0.0 started and listening in port 8080
ERROR 2023-01-26T16:41:59.506Z undefined/C:\Users\Matias N\workspace\proyectoFinal\proyectoFinal\api\src\routes\users\authenticateUserHandler.js | wrong password
ERROR 2023-01-26T16:42:45.586Z undefined/C:\Users\Matias N\workspace\proyectoFinal\proyectoFinal\api\src\routes\users\updateUserPasswordHandler.js | jwt expired
ERROR 2023-01-26T16:48:31.521Z undefined/C:\Users\Matias N\workspace\proyectoFinal\proyectoFinal\api\src\routes\users\updateUserPasswordHandler.js | jwt expired
ERROR 2023-01-26T16:52:22.360Z undefined/C:\Users\Matias N\workspace\proyectoFinal\proyectoFinal\api\src\routes\auction\retrieveUserAuctionsHandler.js | jwt expired
ERROR 2023-01-26T16:52:22.363Z undefined/C:\Users\Matias N\workspace\proyectoFinal\proyectoFinal\api\src\routes\auction\retrieveUserAuctionsHandler.js | jwt expired
ERROR 2023-01-26T16:52:22.930Z undefined/C:\Users\Matias N\workspace\proyectoFinal\proyectoFinal\api\src\routes\auction\retrieveAuctionHandler.js | jwt expired
ERROR 2023-01-26T16:52:22.931Z undefined/C:\Users\Matias N\workspace\proyectoFinal\proyectoFinal\api\src\routes\auction\retrieveAuctionHandler.js | jwt expired
INFO 2023-01-26T16:52:30.938Z undefined/C:\Users\Matias N\workspace\proyectoFinal\proyectoFinal\api\src\index.js | 
api stopped
INFO 2023-01-26T16:52:30.946Z undefined/C:\Users\Matias N\workspace\proyectoFinal\proyectoFinal\api\src\index.js | db disconnected
